<?xml version="1.0" encoding="UTF-8"?>
<testsuite name="Cucumber.CucumberRunner" time="0.042" tests="4" errors="2" skipped="0" failures="0">
  <properties>
[...]
</properties>
  <testcase name="Given Launch the browser" classname="Scenario: Amazon Testing" time="0.006"/>
  <testcase name="When Navigate to Amazon Website" classname="Scenario: Amazon Testing" time="0.001"/>
  <testcase name="Then validate the Amazon website" classname="Scenario: Amazon Testing" time="0.017">
    <error type="java.lang.NullPointerException:">java.lang.NullPointerException: null
	at mani.test.AmazonScript.validate_the_Amazon_website(AmazonScript.java:31)
	at stepDefinition.Amazon.validate_the_Amazon_website(Amazon.java:17)
	at ✽.Then validate the Amazon website(Amazon.feature:7)
</error>
    <system-out><![CDATA[2018-07-02 15:08:41,905  INFO [main] (AmazonScript.java:30)- Value passed
]]></system-out>
  </testcase>
  <testcase name="Scenario: Amazon Testing" classname="Scenario: Amazon Testing" time="0.018">
    <error type="java.lang.NullPointerException:">java.lang.NullPointerException: null
	at mani.test.AmazonScript.validate_the_Amazon_website(AmazonScript.java:31)
	at stepDefinition.Amazon.validate_the_Amazon_website(Amazon.java:17)
	at ✽.Then validate the Amazon website(Amazon.feature:7)
</error>
  </testcase>
</testsuite>